This file contains any messages produced by compilers while
running configure, to aid debugging if configure makes a mistake.

configure:605: checking for a BSD compatible install
configure:660: checking for gcc
configure:773: checking whether the C compiler (gcc  ) works
configure:789: gcc -o conftest    conftest.c  1>&5
configure:815: checking whether the C compiler (gcc  ) is a cross-compiler
configure:820: checking whether we are using GNU C
configure:829: gcc -E conftest.c
configure:848: checking whether gcc accepts -g
configure:882: checking for ranlib
configure:911: checking how to run the C preprocessor
configure:932: gcc -E  conftest.c >/dev/null 2>conftest.out
configure:991: checking for ANSI C header files
configure:1004: gcc -E  conftest.c >/dev/null 2>conftest.out
configure:1071: gcc -o conftest -g -O2   conftest.c  1>&5
configure: In function 'main':
configure:1066:67: warning: incompatible implicit declaration of built-in function 'exit' [enabled by default]
configure:1098: checking for sys/time.h
configure:1108: gcc -E  conftest.c >/dev/null 2>conftest.out
configure:1135: checking whether time.h and sys/time.h may both be included
configure:1149: gcc -c -g -O2  conftest.c 1>&5
configure:1173: checking for unistd.h
configure:1183: gcc -E  conftest.c >/dev/null 2>conftest.out
configure:1173: checking for ctype.h
configure:1183: gcc -E  conftest.c >/dev/null 2>conftest.out
configure:1173: checking for sys/types.h
configure:1183: gcc -E  conftest.c >/dev/null 2>conftest.out
configure:1173: checking for sys/param.h
configure:1183: gcc -E  conftest.c >/dev/null 2>conftest.out
configure:1173: checking for sys/mbuf.h
configure:1183: gcc -E  conftest.c >/dev/null 2>conftest.out
configure:1179:22: fatal error: sys/mbuf.h: No such file or directory
compilation terminated.
configure: failed program was:
#line 1178 "configure"
#include "confdefs.h"
#include <sys/mbuf.h>
configure:1173: checking for net/route.h
configure:1183: gcc -E  conftest.c >/dev/null 2>conftest.out
configure:1173: checking for net/if.h
configure:1183: gcc -E  conftest.c >/dev/null 2>conftest.out
configure:1173: checking for net/if_var.h
configure:1183: gcc -E  conftest.c >/dev/null 2>conftest.out
configure:1179:24: fatal error: net/if_var.h: No such file or directory
compilation terminated.
configure: failed program was:
#line 1178 "configure"
#include "confdefs.h"
#include <net/if_var.h>
configure:1173: checking for net/if_types.h
configure:1183: gcc -E  conftest.c >/dev/null 2>conftest.out
configure:1179:26: fatal error: net/if_types.h: No such file or directory
compilation terminated.
configure: failed program was:
#line 1178 "configure"
#include "confdefs.h"
#include <net/if_types.h>
configure:1173: checking for sys/socket.h
configure:1183: gcc -E  conftest.c >/dev/null 2>conftest.out
configure:1173: checking for sys/ioctl.h
configure:1183: gcc -E  conftest.c >/dev/null 2>conftest.out
configure:1173: checking for sys/sockio.h
configure:1183: gcc -E  conftest.c >/dev/null 2>conftest.out
configure:1179:24: fatal error: sys/sockio.h: No such file or directory
compilation terminated.
configure: failed program was:
#line 1178 "configure"
#include "confdefs.h"
#include <sys/sockio.h>
configure:1173: checking for net/soioctl.h
configure:1183: gcc -E  conftest.c >/dev/null 2>conftest.out
configure:1179:25: fatal error: net/soioctl.h: No such file or directory
compilation terminated.
configure: failed program was:
#line 1178 "configure"
#include "confdefs.h"
#include <net/soioctl.h>
configure:1173: checking for sys/termios.h
configure:1183: gcc -E  conftest.c >/dev/null 2>conftest.out
configure:1173: checking for errno.h
configure:1183: gcc -E  conftest.c >/dev/null 2>conftest.out
configure:1173: checking for signal.h
configure:1183: gcc -E  conftest.c >/dev/null 2>conftest.out
configure:1173: checking for stdarg.h
configure:1183: gcc -E  conftest.c >/dev/null 2>conftest.out
configure:1173: checking for limits.h
configure:1183: gcc -E  conftest.c >/dev/null 2>conftest.out
configure:1173: checking for fcntl.h
configure:1183: gcc -E  conftest.c >/dev/null 2>conftest.out
configure:1210: checking return type of signal handlers
configure:1232: gcc -c -g -O2  conftest.c 1>&5
configure:1253: checking for sigaction
configure:1281: gcc -o conftest -g -O2   conftest.c  1>&5
configure:1253: checking for snprintf
configure:1281: gcc -o conftest -g -O2   conftest.c  1>&5
configure:1265:6: warning: conflicting types for built-in function 'snprintf' [enabled by default]
configure:1390: checking for proc interface in /proc/net/dev
configure:2640: checking for socket
configure:2668: gcc -o conftest -g -O2   conftest.c  1>&5
configure:2741: checking for if_nameindex
configure:2769: gcc -o conftest -g -O2   conftest.c  1>&5
configure:2879: checking for net-snmp-config
configure:2916: checking whether net-snmp-config hints compiles and links fine
configure:2925: gcc -o conftest -g -O2  -DNETSNMP_ENABLE_IPV6 -g -O2 -fstack-protector --param=ssp-buffer-size=4 -Wformat -Werror=format-security -Ulinux -Dlinux=linux -D_REENTRANT -D_GNU_SOURCE -DDEBIAN -fstack-protector -fno-strict-aliasing -pipe -I/usr/local/include -D_LARGEFILE_SOURCE -D_FILE_OFFSET_BITS=64 -I/usr/lib/perl/5.14/CORE -D_FORTIFY_SOURCE=2 -I/usr/include  -Wl,-z,relro -L/usr/lib -lnetsnmp conftest.c  1>&5
